<?xml version="1.0" encoding="UTF-8"?>
<testsuite xmlns:xsi="http://www.w3.org/2001/XMLSchema-instance" xsi:noNamespaceSchemaLocation="https://maven.apache.org/surefire/maven-surefire-plugin/xsd/surefire-test-report-3.0.xsd" version="3.0" name="org.owasp.webgoat.lessons.sqlinjection.introduction.SqlInjectionLesson6aTest" time="0.022" tests="6" errors="6" skipped="0" failures="0">
  <properties>
    <property name="java.specification.version" value="17"/>
    <property name="sun.jnu.encoding" value="UTF-8"/>
    <property name="java.class.path" value="/Users/tala/dev/examples/analyzers_test/java/target/test-classes:/Users/tala/dev/examples/analyzers_test/java/target/classes:/Users/tala/.m2/repository/org/apache/commons/commons-exec/1.3/commons-exec-1.3.jar:/Users/tala/.m2/repository/org/springframework/boot/spring-boot-starter-validation/2.7.1/spring-boot-starter-validation-2.7.1.jar:/Users/tala/.m2/repository/org/springframework/boot/spring-boot-starter/2.7.1/spring-boot-starter-2.7.1.jar:/Users/tala/.m2/repository/org/springframework/boot/spring-boot/2.7.1/spring-boot-2.7.1.jar:/Users/tala/.m2/repository/org/springframework/boot/spring-boot-autoconfigure/2.7.1/spring-boot-autoconfigure-2.7.1.jar:/Users/tala/.m2/repository/org/springframework/boot/spring-boot-starter-logging/2.7.1/spring-boot-starter-logging-2.7.1.jar:/Users/tala/.m2/repository/ch/qos/logback/logback-classic/1.2.11/logback-classic-1.2.11.jar:/Users/tala/.m2/repository/ch/qos/logback/logback-core/1.2.11/logback-core-1.2.11.jar:/Users/tala/.m2/repository/org/apache/logging/log4j/log4j-to-slf4j/2.17.2/log4j-to-slf4j-2.17.2.jar:/Users/tala/.m2/repository/org/apache/logging/log4j/log4j-api/2.17.2/log4j-api-2.17.2.jar:/Users/tala/.m2/repository/org/slf4j/jul-to-slf4j/1.7.36/jul-to-slf4j-1.7.36.jar:/Users/tala/.m2/repository/jakarta/annotation/jakarta.annotation-api/1.3.5/jakarta.annotation-api-1.3.5.jar:/Users/tala/.m2/repository/org/yaml/snakeyaml/1.30/snakeyaml-1.30.jar:/Users/tala/.m2/repository/org/apache/tomcat/embed/tomcat-embed-el/9.0.64/tomcat-embed-el-9.0.64.jar:/Users/tala/.m2/repository/org/hibernate/validator/hibernate-validator/6.2.3.Final/hibernate-validator-6.2.3.Final.jar:/Users/tala/.m2/repository/jakarta/validation/jakarta.validation-api/2.0.2/jakarta.validation-api-2.0.2.jar:/Users/tala/.m2/repository/org/jboss/logging/jboss-logging/3.4.3.Final/jboss-logging-3.4.3.Final.jar:/Users/tala/.m2/repository/com/fasterxml/classmate/1.5.1/classmate-1.5.1.jar:/Users/tala/.m2/repository/org/projectlombok/lombok/1.18.24/lombok-1.18.24.jar:/Users/tala/.m2/repository/javax/xml/bind/jaxb-api/2.3.1/jaxb-api-2.3.1.jar:/Users/tala/.m2/repository/javax/activation/javax.activation-api/1.2.0/javax.activation-api-1.2.0.jar:/Users/tala/.m2/repository/org/springframework/boot/spring-boot-starter-undertow/2.7.1/spring-boot-starter-undertow-2.7.1.jar:/Users/tala/.m2/repository/io/undertow/undertow-core/2.2.18.Final/undertow-core-2.2.18.Final.jar:/Users/tala/.m2/repository/org/jboss/xnio/xnio-api/3.8.7.Final/xnio-api-3.8.7.Final.jar:/Users/tala/.m2/repository/org/wildfly/common/wildfly-common/1.5.4.Final/wildfly-common-1.5.4.Final.jar:/Users/tala/.m2/repository/org/wildfly/client/wildfly-client-config/1.0.1.Final/wildfly-client-config-1.0.1.Final.jar:/Users/tala/.m2/repository/org/jboss/xnio/xnio-nio/3.8.7.Final/xnio-nio-3.8.7.Final.jar:/Users/tala/.m2/repository/org/jboss/threads/jboss-threads/3.1.0.Final/jboss-threads-3.1.0.Final.jar:/Users/tala/.m2/repository/io/undertow/undertow-servlet/2.2.18.Final/undertow-servlet-2.2.18.Final.jar:/Users/tala/.m2/repository/io/undertow/undertow-websockets-jsr/2.2.18.Final/undertow-websockets-jsr-2.2.18.Final.jar:/Users/tala/.m2/repository/jakarta/servlet/jakarta.servlet-api/4.0.4/jakarta.servlet-api-4.0.4.jar:/Users/tala/.m2/repository/jakarta/websocket/jakarta.websocket-api/1.1.2/jakarta.websocket-api-1.1.2.jar:/Users/tala/.m2/repository/org/springframework/boot/spring-boot-starter-web/2.7.1/spring-boot-starter-web-2.7.1.jar:/Users/tala/.m2/repository/org/springframework/boot/spring-boot-starter-json/2.7.1/spring-boot-starter-json-2.7.1.jar:/Users/tala/.m2/repository/com/fasterxml/jackson/datatype/jackson-datatype-jdk8/2.13.3/jackson-datatype-jdk8-2.13.3.jar:/Users/tala/.m2/repository/com/fasterxml/jackson/datatype/jackson-datatype-jsr310/2.13.3/jackson-datatype-jsr310-2.13.3.jar:/Users/tala/.m2/repository/com/fasterxml/jackson/module/jackson-module-parameter-names/2.13.3/jackson-module-parameter-names-2.13.3.jar:/Users/tala/.m2/repository/org/springframework/spring-web/5.3.21/spring-web-5.3.21.jar:/Users/tala/.m2/repository/org/springframework/spring-beans/5.3.21/spring-beans-5.3.21.jar:/Users/tala/.m2/repository/org/springframework/spring-webmvc/5.3.21/spring-webmvc-5.3.21.jar:/Users/tala/.m2/repository/org/springframework/spring-context/5.3.21/spring-context-5.3.21.jar:/Users/tala/.m2/repository/org/springframework/spring-expression/5.3.21/spring-expression-5.3.21.jar:/Users/tala/.m2/repository/org/springframework/boot/spring-boot-starter-actuator/2.7.1/spring-boot-starter-actuator-2.7.1.jar:/Users/tala/.m2/repository/org/springframework/boot/spring-boot-actuator-autoconfigure/2.7.1/spring-boot-actuator-autoconfigure-2.7.1.jar:/Users/tala/.m2/repository/org/springframework/boot/spring-boot-actuator/2.7.1/spring-boot-actuator-2.7.1.jar:/Users/tala/.m2/repository/io/micrometer/micrometer-core/1.9.1/micrometer-core-1.9.1.jar:/Users/tala/.m2/repository/org/hdrhistogram/HdrHistogram/2.1.12/HdrHistogram-2.1.12.jar:/Users/tala/.m2/repository/org/latencyutils/LatencyUtils/2.0.3/LatencyUtils-2.0.3.jar:/Users/tala/.m2/repository/org/flywaydb/flyway-core/8.5.13/flyway-core-8.5.13.jar:/Users/tala/.m2/repository/org/asciidoctor/asciidoctorj/2.5.3/asciidoctorj-2.5.3.jar:/Users/tala/.m2/repository/org/asciidoctor/asciidoctorj-api/2.5.3/asciidoctorj-api-2.5.3.jar:/Users/tala/.m2/repository/org/jruby/jruby/9.3.6.0/jruby-9.3.6.0.jar:/Users/tala/.m2/repository/org/jruby/jruby-base/9.3.6.0/jruby-base-9.3.6.0.jar:/Users/tala/.m2/repository/org/ow2/asm/asm-commons/9.2/asm-commons-9.2.jar:/Users/tala/.m2/repository/org/ow2/asm/asm-tree/9.2/asm-tree-9.2.jar:/Users/tala/.m2/repository/org/ow2/asm/asm-analysis/9.2/asm-analysis-9.2.jar:/Users/tala/.m2/repository/org/ow2/asm/asm-util/9.2/asm-util-9.2.jar:/Users/tala/.m2/repository/com/github/jnr/jnr-netdb/1.2.0/jnr-netdb-1.2.0.jar:/Users/tala/.m2/repository/com/github/jnr/jnr-enxio/0.32.13/jnr-enxio-0.32.13.jar:/Users/tala/.m2/repository/com/github/jnr/jnr-unixsocket/0.38.17/jnr-unixsocket-0.38.17.jar:/Users/tala/.m2/repository/com/github/jnr/jnr-posix/3.1.15/jnr-posix-3.1.15.jar:/Users/tala/.m2/repository/com/github/jnr/jnr-constants/0.10.3/jnr-constants-0.10.3.jar:/Users/tala/.m2/repository/com/github/jnr/jnr-ffi/2.2.11/jnr-ffi-2.2.11.jar:/Users/tala/.m2/repository/com/github/jnr/jnr-a64asm/1.0.0/jnr-a64asm-1.0.0.jar:/Users/tala/.m2/repository/com/github/jnr/jnr-x86asm/1.0.2/jnr-x86asm-1.0.2.jar:/Users/tala/.m2/repository/com/github/jnr/jffi/1.3.9/jffi-1.3.9.jar:/Users/tala/.m2/repository/com/github/jnr/jffi/1.3.9/jffi-1.3.9-native.jar:/Users/tala/.m2/repository/org/jruby/joni/joni/2.1.43/joni-2.1.43.jar:/Users/tala/.m2/repository/org/jruby/jcodings/jcodings/1.0.57/jcodings-1.0.57.jar:/Users/tala/.m2/repository/org/jruby/dirgra/0.3/dirgra-0.3.jar:/Users/tala/.m2/repository/com/headius/invokebinder/1.12/invokebinder-1.12.jar:/Users/tala/.m2/repository/com/headius/options/1.6/options-1.6.jar:/Users/tala/.m2/repository/com/jcraft/jzlib/1.1.3/jzlib-1.1.3.jar:/Users/tala/.m2/repository/joda-time/joda-time/2.10.10/joda-time-2.10.10.jar:/Users/tala/.m2/repository/me/qmx/jitescript/jitescript/0.4.1/jitescript-0.4.1.jar:/Users/tala/.m2/repository/com/headius/backport9/1.12/backport9-1.12.jar:/Users/tala/.m2/repository/org/jruby/jruby-stdlib/9.3.6.0/jruby-stdlib-9.3.6.0.jar:/Users/tala/.m2/repository/com/beust/jcommander/1.81/jcommander-1.81.jar:/Users/tala/.m2/repository/org/springframework/boot/spring-boot-starter-data-jpa/2.7.1/spring-boot-starter-data-jpa-2.7.1.jar:/Users/tala/.m2/repository/org/springframework/boot/spring-boot-starter-aop/2.7.1/spring-boot-starter-aop-2.7.1.jar:/Users/tala/.m2/repository/org/aspectj/aspectjweaver/1.9.7/aspectjweaver-1.9.7.jar:/Users/tala/.m2/repository/org/springframework/boot/spring-boot-starter-jdbc/2.7.1/spring-boot-starter-jdbc-2.7.1.jar:/Users/tala/.m2/repository/com/zaxxer/HikariCP/4.0.3/HikariCP-4.0.3.jar:/Users/tala/.m2/repository/org/springframework/spring-jdbc/5.3.21/spring-jdbc-5.3.21.jar:/Users/tala/.m2/repository/jakarta/transaction/jakarta.transaction-api/1.3.3/jakarta.transaction-api-1.3.3.jar:/Users/tala/.m2/repository/jakarta/persistence/jakarta.persistence-api/2.2.3/jakarta.persistence-api-2.2.3.jar:/Users/tala/.m2/repository/org/hibernate/hibernate-core/5.6.9.Final/hibernate-core-5.6.9.Final.jar:/Users/tala/.m2/repository/net/bytebuddy/byte-buddy/1.12.11/byte-buddy-1.12.11.jar:/Users/tala/.m2/repository/antlr/antlr/2.7.7/antlr-2.7.7.jar:/Users/tala/.m2/repository/org/jboss/jandex/2.4.2.Final/jandex-2.4.2.Final.jar:/Users/tala/.m2/repository/org/hibernate/common/hibernate-commons-annotations/5.1.2.Final/hibernate-commons-annotations-5.1.2.Final.jar:/Users/tala/.m2/repository/org/springframework/data/spring-data-jpa/2.7.1/spring-data-jpa-2.7.1.jar:/Users/tala/.m2/repository/org/springframework/data/spring-data-commons/2.7.1/spring-data-commons-2.7.1.jar:/Users/tala/.m2/repository/org/springframework/spring-orm/5.3.21/spring-orm-5.3.21.jar:/Users/tala/.m2/repository/org/springframework/spring-tx/5.3.21/spring-tx-5.3.21.jar:/Users/tala/.m2/repository/org/springframework/spring-aspects/5.3.21/spring-aspects-5.3.21.jar:/Users/tala/.m2/repository/org/springframework/boot/spring-boot-starter-security/2.7.1/spring-boot-starter-security-2.7.1.jar:/Users/tala/.m2/repository/org/springframework/spring-aop/5.3.21/spring-aop-5.3.21.jar:/Users/tala/.m2/repository/org/springframework/security/spring-security-config/5.7.2/spring-security-config-5.7.2.jar:/Users/tala/.m2/repository/org/springframework/security/spring-security-web/5.7.2/spring-security-web-5.7.2.jar:/Users/tala/.m2/repository/org/springframework/boot/spring-boot-starter-thymeleaf/2.7.1/spring-boot-starter-thymeleaf-2.7.1.jar:/Users/tala/.m2/repository/org/thymeleaf/thymeleaf-spring5/3.0.15.RELEASE/thymeleaf-spring5-3.0.15.RELEASE.jar:/Users/tala/.m2/repository/org/thymeleaf/thymeleaf/3.0.15.RELEASE/thymeleaf-3.0.15.RELEASE.jar:/Users/tala/.m2/repository/org/attoparser/attoparser/2.0.5.RELEASE/attoparser-2.0.5.RELEASE.jar:/Users/tala/.m2/repository/org/unbescape/unbescape/1.1.6.RELEASE/unbescape-1.1.6.RELEASE.jar:/Users/tala/.m2/repository/org/thymeleaf/extras/thymeleaf-extras-java8time/3.0.4.RELEASE/thymeleaf-extras-java8time-3.0.4.RELEASE.jar:/Users/tala/.m2/repository/org/thymeleaf/extras/thymeleaf-extras-springsecurity5/3.0.4.RELEASE/thymeleaf-extras-springsecurity5-3.0.4.RELEASE.jar:/Users/tala/.m2/repository/org/slf4j/slf4j-api/1.7.36/slf4j-api-1.7.36.jar:/Users/tala/.m2/repository/org/hsqldb/hsqldb/2.5.2/hsqldb-2.5.2.jar:/Users/tala/.m2/repository/org/jsoup/jsoup/1.14.3/jsoup-1.14.3.jar:/Users/tala/.m2/repository/com/nulab-inc/zxcvbn/1.5.2/zxcvbn-1.5.2.jar:/Users/tala/.m2/repository/com/thoughtworks/xstream/xstream/1.4.5/xstream-1.4.5.jar:/Users/tala/.m2/repository/xmlpull/xmlpull/1.1.3.1/xmlpull-1.1.3.1.jar:/Users/tala/.m2/repository/xpp3/xpp3_min/1.1.4c/xpp3_min-1.1.4c.jar:/Users/tala/.m2/repository/cglib/cglib-nodep/2.2/cglib-nodep-2.2.jar:/Users/tala/.m2/repository/xml-resolver/xml-resolver/1.2/xml-resolver-1.2.jar:/Users/tala/.m2/repository/io/jsonwebtoken/jjwt/0.9.1/jjwt-0.9.1.jar:/Users/tala/.m2/repository/com/fasterxml/jackson/core/jackson-databind/2.13.3/jackson-databind-2.13.3.jar:/Users/tala/.m2/repository/com/google/guava/guava/30.1-jre/guava-30.1-jre.jar:/Users/tala/.m2/repository/com/google/guava/failureaccess/1.0.1/failureaccess-1.0.1.jar:/Users/tala/.m2/repository/com/google/guava/listenablefuture/9999.0-empty-to-avoid-conflict-with-guava/listenablefuture-9999.0-empty-to-avoid-conflict-with-guava.jar:/Users/tala/.m2/repository/com/google/code/findbugs/jsr305/3.0.2/jsr305-3.0.2.jar:/Users/tala/.m2/repository/org/checkerframework/checker-qual/3.5.0/checker-qual-3.5.0.jar:/Users/tala/.m2/repository/com/google/errorprone/error_prone_annotations/2.3.4/error_prone_annotations-2.3.4.jar:/Users/tala/.m2/repository/com/google/j2objc/j2objc-annotations/1.3/j2objc-annotations-1.3.jar:/Users/tala/.m2/repository/commons-io/commons-io/2.6/commons-io-2.6.jar:/Users/tala/.m2/repository/org/apache/commons/commons-lang3/3.12.0/commons-lang3-3.12.0.jar:/Users/tala/.m2/repository/org/apache/commons/commons-text/1.9/commons-text-1.9.jar:/Users/tala/.m2/repository/org/bitbucket/b_c/jose4j/0.7.6/jose4j-0.7.6.jar:/Users/tala/.m2/repository/org/webjars/bootstrap/3.3.7/bootstrap-3.3.7.jar:/Users/tala/.m2/repository/org/webjars/jquery/3.5.1/jquery-3.5.1.jar:/Users/tala/.m2/repository/org/glassfish/jaxb/jaxb-runtime/2.3.6/jaxb-runtime-2.3.6.jar:/Users/tala/.m2/repository/jakarta/xml/bind/jakarta.xml.bind-api/2.3.3/jakarta.xml.bind-api-2.3.3.jar:/Users/tala/.m2/repository/org/glassfish/jaxb/txw2/2.3.6/txw2-2.3.6.jar:/Users/tala/.m2/repository/com/sun/istack/istack-commons-runtime/3.0.12/istack-commons-runtime-3.0.12.jar:/Users/tala/.m2/repository/com/sun/activation/jakarta.activation/1.2.2/jakarta.activation-1.2.2.jar:/Users/tala/.m2/repository/org/springframework/boot/spring-boot-starter-test/2.7.1/spring-boot-starter-test-2.7.1.jar:/Users/tala/.m2/repository/org/springframework/boot/spring-boot-test/2.7.1/spring-boot-test-2.7.1.jar:/Users/tala/.m2/repository/org/springframework/boot/spring-boot-test-autoconfigure/2.7.1/spring-boot-test-autoconfigure-2.7.1.jar:/Users/tala/.m2/repository/com/jayway/jsonpath/json-path/2.7.0/json-path-2.7.0.jar:/Users/tala/.m2/repository/net/minidev/json-smart/2.4.8/json-smart-2.4.8.jar:/Users/tala/.m2/repository/net/minidev/accessors-smart/2.4.8/accessors-smart-2.4.8.jar:/Users/tala/.m2/repository/org/assertj/assertj-core/3.22.0/assertj-core-3.22.0.jar:/Users/tala/.m2/repository/org/hamcrest/hamcrest/2.2/hamcrest-2.2.jar:/Users/tala/.m2/repository/org/junit/jupiter/junit-jupiter/5.8.2/junit-jupiter-5.8.2.jar:/Users/tala/.m2/repository/org/junit/jupiter/junit-jupiter-api/5.8.2/junit-jupiter-api-5.8.2.jar:/Users/tala/.m2/repository/org/opentest4j/opentest4j/1.2.0/opentest4j-1.2.0.jar:/Users/tala/.m2/repository/org/junit/platform/junit-platform-commons/1.8.2/junit-platform-commons-1.8.2.jar:/Users/tala/.m2/repository/org/apiguardian/apiguardian-api/1.1.2/apiguardian-api-1.1.2.jar:/Users/tala/.m2/repository/org/junit/jupiter/junit-jupiter-params/5.8.2/junit-jupiter-params-5.8.2.jar:/Users/tala/.m2/repository/org/junit/jupiter/junit-jupiter-engine/5.8.2/junit-jupiter-engine-5.8.2.jar:/Users/tala/.m2/repository/org/junit/platform/junit-platform-engine/1.8.2/junit-platform-engine-1.8.2.jar:/Users/tala/.m2/repository/org/mockito/mockito-core/4.5.1/mockito-core-4.5.1.jar:/Users/tala/.m2/repository/net/bytebuddy/byte-buddy-agent/1.12.11/byte-buddy-agent-1.12.11.jar:/Users/tala/.m2/repository/org/objenesis/objenesis/3.2/objenesis-3.2.jar:/Users/tala/.m2/repository/org/mockito/mockito-junit-jupiter/4.5.1/mockito-junit-jupiter-4.5.1.jar:/Users/tala/.m2/repository/org/skyscreamer/jsonassert/1.5.0/jsonassert-1.5.0.jar:/Users/tala/.m2/repository/com/vaadin/external/google/android-json/0.0.20131108.vaadin1/android-json-0.0.20131108.vaadin1.jar:/Users/tala/.m2/repository/org/springframework/spring-core/5.3.21/spring-core-5.3.21.jar:/Users/tala/.m2/repository/org/springframework/spring-jcl/5.3.21/spring-jcl-5.3.21.jar:/Users/tala/.m2/repository/org/springframework/spring-test/5.3.21/spring-test-5.3.21.jar:/Users/tala/.m2/repository/org/xmlunit/xmlunit-core/2.9.0/xmlunit-core-2.9.0.jar:/Users/tala/.m2/repository/org/springframework/security/spring-security-test/5.7.2/spring-security-test-5.7.2.jar:/Users/tala/.m2/repository/org/springframework/security/spring-security-core/5.7.2/spring-security-core-5.7.2.jar:/Users/tala/.m2/repository/org/springframework/security/spring-security-crypto/5.7.2/spring-security-crypto-5.7.2.jar:/Users/tala/.m2/repository/com/github/tomakehurst/wiremock/2.27.2/wiremock-2.27.2.jar:/Users/tala/.m2/repository/org/eclipse/jetty/jetty-server/9.4.48.v20220622/jetty-server-9.4.48.v20220622.jar:/Users/tala/.m2/repository/javax/servlet/javax.servlet-api/4.0.1/javax.servlet-api-4.0.1.jar:/Users/tala/.m2/repository/org/eclipse/jetty/jetty-http/9.4.48.v20220622/jetty-http-9.4.48.v20220622.jar:/Users/tala/.m2/repository/org/eclipse/jetty/jetty-io/9.4.48.v20220622/jetty-io-9.4.48.v20220622.jar:/Users/tala/.m2/repository/org/eclipse/jetty/jetty-servlet/9.4.48.v20220622/jetty-servlet-9.4.48.v20220622.jar:/Users/tala/.m2/repository/org/eclipse/jetty/jetty-security/9.4.48.v20220622/jetty-security-9.4.48.v20220622.jar:/Users/tala/.m2/repository/org/eclipse/jetty/jetty-util-ajax/9.4.48.v20220622/jetty-util-ajax-9.4.48.v20220622.jar:/Users/tala/.m2/repository/org/eclipse/jetty/jetty-servlets/9.4.48.v20220622/jetty-servlets-9.4.48.v20220622.jar:/Users/tala/.m2/repository/org/eclipse/jetty/jetty-continuation/9.4.48.v20220622/jetty-continuation-9.4.48.v20220622.jar:/Users/tala/.m2/repository/org/eclipse/jetty/jetty-util/9.4.48.v20220622/jetty-util-9.4.48.v20220622.jar:/Users/tala/.m2/repository/org/eclipse/jetty/jetty-webapp/9.4.48.v20220622/jetty-webapp-9.4.48.v20220622.jar:/Users/tala/.m2/repository/org/eclipse/jetty/jetty-xml/9.4.48.v20220622/jetty-xml-9.4.48.v20220622.jar:/Users/tala/.m2/repository/org/eclipse/jetty/jetty-proxy/9.4.48.v20220622/jetty-proxy-9.4.48.v20220622.jar:/Users/tala/.m2/repository/org/eclipse/jetty/jetty-client/9.4.48.v20220622/jetty-client-9.4.48.v20220622.jar:/Users/tala/.m2/repository/com/fasterxml/jackson/core/jackson-core/2.13.3/jackson-core-2.13.3.jar:/Users/tala/.m2/repository/com/fasterxml/jackson/core/jackson-annotations/2.13.3/jackson-annotations-2.13.3.jar:/Users/tala/.m2/repository/org/apache/httpcomponents/httpclient/4.5.13/httpclient-4.5.13.jar:/Users/tala/.m2/repository/org/apache/httpcomponents/httpcore/4.4.15/httpcore-4.4.15.jar:/Users/tala/.m2/repository/commons-codec/commons-codec/1.15/commons-codec-1.15.jar:/Users/tala/.m2/repository/org/xmlunit/xmlunit-legacy/2.9.0/xmlunit-legacy-2.9.0.jar:/Users/tala/.m2/repository/org/xmlunit/xmlunit-placeholders/2.9.0/xmlunit-placeholders-2.9.0.jar:/Users/tala/.m2/repository/org/ow2/asm/asm/9.1/asm-9.1.jar:/Users/tala/.m2/repository/net/sf/jopt-simple/jopt-simple/5.0.3/jopt-simple-5.0.3.jar:/Users/tala/.m2/repository/com/github/jknack/handlebars/4.0.7/handlebars-4.0.7.jar:/Users/tala/.m2/repository/org/antlr/antlr4-runtime/4.7.1/antlr4-runtime-4.7.1.jar:/Users/tala/.m2/repository/com/github/jknack/handlebars-helpers/4.0.7/handlebars-helpers-4.0.7.jar:/Users/tala/.m2/repository/com/flipkart/zjsonpatch/zjsonpatch/0.4.4/zjsonpatch-0.4.4.jar:/Users/tala/.m2/repository/commons-fileupload/commons-fileupload/1.4/commons-fileupload-1.4.jar:/Users/tala/.m2/repository/io/rest-assured/rest-assured/4.5.1/rest-assured-4.5.1.jar:/Users/tala/.m2/repository/org/codehaus/groovy/groovy/3.0.11/groovy-3.0.11.jar:/Users/tala/.m2/repository/org/codehaus/groovy/groovy-xml/3.0.11/groovy-xml-3.0.11.jar:/Users/tala/.m2/repository/org/apache/httpcomponents/httpmime/4.5.13/httpmime-4.5.13.jar:/Users/tala/.m2/repository/org/ccil/cowan/tagsoup/tagsoup/1.2.1/tagsoup-1.2.1.jar:/Users/tala/.m2/repository/io/rest-assured/json-path/4.5.1/json-path-4.5.1.jar:/Users/tala/.m2/repository/org/codehaus/groovy/groovy-json/3.0.11/groovy-json-3.0.11.jar:/Users/tala/.m2/repository/io/rest-assured/rest-assured-common/4.5.1/rest-assured-common-4.5.1.jar:/Users/tala/.m2/repository/io/rest-assured/xml-path/4.5.1/xml-path-4.5.1.jar:"/>
    <property name="java.vm.vendor" value="Azul Systems, Inc."/>
    <property name="sun.arch.data.model" value="64"/>
    <property name="java.vendor.url" value="http://www.azul.com/"/>
    <property name="user.timezone" value="Asia/Jerusalem"/>
    <property name="os.name" value="Mac OS X"/>
    <property name="java.vm.specification.version" value="17"/>
    <property name="sun.java.launcher" value="SUN_STANDARD"/>
    <property name="user.country" value="IL"/>
    <property name="sun.boot.library.path" value="/Users/tala/.sdkman/candidates/java/17.0.7-zulu/zulu-17.jdk/Contents/Home/lib"/>
    <property name="sun.java.command" value="/Users/tala/dev/examples/analyzers_test/java/target/surefire/surefirebooter7966606359896392190.jar /Users/tala/dev/examples/analyzers_test/java/target/surefire 2023-07-16T19-12-43_708-jvmRun1 surefire6634268418956433869tmp surefire_01799836579068516955tmp"/>
    <property name="jdk.debug" value="release"/>
    <property name="surefire.test.class.path" value="/Users/tala/dev/examples/analyzers_test/java/target/test-classes:/Users/tala/dev/examples/analyzers_test/java/target/classes:/Users/tala/.m2/repository/org/apache/commons/commons-exec/1.3/commons-exec-1.3.jar:/Users/tala/.m2/repository/org/springframework/boot/spring-boot-starter-validation/2.7.1/spring-boot-starter-validation-2.7.1.jar:/Users/tala/.m2/repository/org/springframework/boot/spring-boot-starter/2.7.1/spring-boot-starter-2.7.1.jar:/Users/tala/.m2/repository/org/springframework/boot/spring-boot/2.7.1/spring-boot-2.7.1.jar:/Users/tala/.m2/repository/org/springframework/boot/spring-boot-autoconfigure/2.7.1/spring-boot-autoconfigure-2.7.1.jar:/Users/tala/.m2/repository/org/springframework/boot/spring-boot-starter-logging/2.7.1/spring-boot-starter-logging-2.7.1.jar:/Users/tala/.m2/repository/ch/qos/logback/logback-classic/1.2.11/logback-classic-1.2.11.jar:/Users/tala/.m2/repository/ch/qos/logback/logback-core/1.2.11/logback-core-1.2.11.jar:/Users/tala/.m2/repository/org/apache/logging/log4j/log4j-to-slf4j/2.17.2/log4j-to-slf4j-2.17.2.jar:/Users/tala/.m2/repository/org/apache/logging/log4j/log4j-api/2.17.2/log4j-api-2.17.2.jar:/Users/tala/.m2/repository/org/slf4j/jul-to-slf4j/1.7.36/jul-to-slf4j-1.7.36.jar:/Users/tala/.m2/repository/jakarta/annotation/jakarta.annotation-api/1.3.5/jakarta.annotation-api-1.3.5.jar:/Users/tala/.m2/repository/org/yaml/snakeyaml/1.30/snakeyaml-1.30.jar:/Users/tala/.m2/repository/org/apache/tomcat/embed/tomcat-embed-el/9.0.64/tomcat-embed-el-9.0.64.jar:/Users/tala/.m2/repository/org/hibernate/validator/hibernate-validator/6.2.3.Final/hibernate-validator-6.2.3.Final.jar:/Users/tala/.m2/repository/jakarta/validation/jakarta.validation-api/2.0.2/jakarta.validation-api-2.0.2.jar:/Users/tala/.m2/repository/org/jboss/logging/jboss-logging/3.4.3.Final/jboss-logging-3.4.3.Final.jar:/Users/tala/.m2/repository/com/fasterxml/classmate/1.5.1/classmate-1.5.1.jar:/Users/tala/.m2/repository/org/projectlombok/lombok/1.18.24/lombok-1.18.24.jar:/Users/tala/.m2/repository/javax/xml/bind/jaxb-api/2.3.1/jaxb-api-2.3.1.jar:/Users/tala/.m2/repository/javax/activation/javax.activation-api/1.2.0/javax.activation-api-1.2.0.jar:/Users/tala/.m2/repository/org/springframework/boot/spring-boot-starter-undertow/2.7.1/spring-boot-starter-undertow-2.7.1.jar:/Users/tala/.m2/repository/io/undertow/undertow-core/2.2.18.Final/undertow-core-2.2.18.Final.jar:/Users/tala/.m2/repository/org/jboss/xnio/xnio-api/3.8.7.Final/xnio-api-3.8.7.Final.jar:/Users/tala/.m2/repository/org/wildfly/common/wildfly-common/1.5.4.Final/wildfly-common-1.5.4.Final.jar:/Users/tala/.m2/repository/org/wildfly/client/wildfly-client-config/1.0.1.Final/wildfly-client-config-1.0.1.Final.jar:/Users/tala/.m2/repository/org/jboss/xnio/xnio-nio/3.8.7.Final/xnio-nio-3.8.7.Final.jar:/Users/tala/.m2/repository/org/jboss/threads/jboss-threads/3.1.0.Final/jboss-threads-3.1.0.Final.jar:/Users/tala/.m2/repository/io/undertow/undertow-servlet/2.2.18.Final/undertow-servlet-2.2.18.Final.jar:/Users/tala/.m2/repository/io/undertow/undertow-websockets-jsr/2.2.18.Final/undertow-websockets-jsr-2.2.18.Final.jar:/Users/tala/.m2/repository/jakarta/servlet/jakarta.servlet-api/4.0.4/jakarta.servlet-api-4.0.4.jar:/Users/tala/.m2/repository/jakarta/websocket/jakarta.websocket-api/1.1.2/jakarta.websocket-api-1.1.2.jar:/Users/tala/.m2/repository/org/springframework/boot/spring-boot-starter-web/2.7.1/spring-boot-starter-web-2.7.1.jar:/Users/tala/.m2/repository/org/springframework/boot/spring-boot-starter-json/2.7.1/spring-boot-starter-json-2.7.1.jar:/Users/tala/.m2/repository/com/fasterxml/jackson/datatype/jackson-datatype-jdk8/2.13.3/jackson-datatype-jdk8-2.13.3.jar:/Users/tala/.m2/repository/com/fasterxml/jackson/datatype/jackson-datatype-jsr310/2.13.3/jackson-datatype-jsr310-2.13.3.jar:/Users/tala/.m2/repository/com/fasterxml/jackson/module/jackson-module-parameter-names/2.13.3/jackson-module-parameter-names-2.13.3.jar:/Users/tala/.m2/repository/org/springframework/spring-web/5.3.21/spring-web-5.3.21.jar:/Users/tala/.m2/repository/org/springframework/spring-beans/5.3.21/spring-beans-5.3.21.jar:/Users/tala/.m2/repository/org/springframework/spring-webmvc/5.3.21/spring-webmvc-5.3.21.jar:/Users/tala/.m2/repository/org/springframework/spring-context/5.3.21/spring-context-5.3.21.jar:/Users/tala/.m2/repository/org/springframework/spring-expression/5.3.21/spring-expression-5.3.21.jar:/Users/tala/.m2/repository/org/springframework/boot/spring-boot-starter-actuator/2.7.1/spring-boot-starter-actuator-2.7.1.jar:/Users/tala/.m2/repository/org/springframework/boot/spring-boot-actuator-autoconfigure/2.7.1/spring-boot-actuator-autoconfigure-2.7.1.jar:/Users/tala/.m2/repository/org/springframework/boot/spring-boot-actuator/2.7.1/spring-boot-actuator-2.7.1.jar:/Users/tala/.m2/repository/io/micrometer/micrometer-core/1.9.1/micrometer-core-1.9.1.jar:/Users/tala/.m2/repository/org/hdrhistogram/HdrHistogram/2.1.12/HdrHistogram-2.1.12.jar:/Users/tala/.m2/repository/org/latencyutils/LatencyUtils/2.0.3/LatencyUtils-2.0.3.jar:/Users/tala/.m2/repository/org/flywaydb/flyway-core/8.5.13/flyway-core-8.5.13.jar:/Users/tala/.m2/repository/org/asciidoctor/asciidoctorj/2.5.3/asciidoctorj-2.5.3.jar:/Users/tala/.m2/repository/org/asciidoctor/asciidoctorj-api/2.5.3/asciidoctorj-api-2.5.3.jar:/Users/tala/.m2/repository/org/jruby/jruby/9.3.6.0/jruby-9.3.6.0.jar:/Users/tala/.m2/repository/org/jruby/jruby-base/9.3.6.0/jruby-base-9.3.6.0.jar:/Users/tala/.m2/repository/org/ow2/asm/asm-commons/9.2/asm-commons-9.2.jar:/Users/tala/.m2/repository/org/ow2/asm/asm-tree/9.2/asm-tree-9.2.jar:/Users/tala/.m2/repository/org/ow2/asm/asm-analysis/9.2/asm-analysis-9.2.jar:/Users/tala/.m2/repository/org/ow2/asm/asm-util/9.2/asm-util-9.2.jar:/Users/tala/.m2/repository/com/github/jnr/jnr-netdb/1.2.0/jnr-netdb-1.2.0.jar:/Users/tala/.m2/repository/com/github/jnr/jnr-enxio/0.32.13/jnr-enxio-0.32.13.jar:/Users/tala/.m2/repository/com/github/jnr/jnr-unixsocket/0.38.17/jnr-unixsocket-0.38.17.jar:/Users/tala/.m2/repository/com/github/jnr/jnr-posix/3.1.15/jnr-posix-3.1.15.jar:/Users/tala/.m2/repository/com/github/jnr/jnr-constants/0.10.3/jnr-constants-0.10.3.jar:/Users/tala/.m2/repository/com/github/jnr/jnr-ffi/2.2.11/jnr-ffi-2.2.11.jar:/Users/tala/.m2/repository/com/github/jnr/jnr-a64asm/1.0.0/jnr-a64asm-1.0.0.jar:/Users/tala/.m2/repository/com/github/jnr/jnr-x86asm/1.0.2/jnr-x86asm-1.0.2.jar:/Users/tala/.m2/repository/com/github/jnr/jffi/1.3.9/jffi-1.3.9.jar:/Users/tala/.m2/repository/com/github/jnr/jffi/1.3.9/jffi-1.3.9-native.jar:/Users/tala/.m2/repository/org/jruby/joni/joni/2.1.43/joni-2.1.43.jar:/Users/tala/.m2/repository/org/jruby/jcodings/jcodings/1.0.57/jcodings-1.0.57.jar:/Users/tala/.m2/repository/org/jruby/dirgra/0.3/dirgra-0.3.jar:/Users/tala/.m2/repository/com/headius/invokebinder/1.12/invokebinder-1.12.jar:/Users/tala/.m2/repository/com/headius/options/1.6/options-1.6.jar:/Users/tala/.m2/repository/com/jcraft/jzlib/1.1.3/jzlib-1.1.3.jar:/Users/tala/.m2/repository/joda-time/joda-time/2.10.10/joda-time-2.10.10.jar:/Users/tala/.m2/repository/me/qmx/jitescript/jitescript/0.4.1/jitescript-0.4.1.jar:/Users/tala/.m2/repository/com/headius/backport9/1.12/backport9-1.12.jar:/Users/tala/.m2/repository/org/jruby/jruby-stdlib/9.3.6.0/jruby-stdlib-9.3.6.0.jar:/Users/tala/.m2/repository/com/beust/jcommander/1.81/jcommander-1.81.jar:/Users/tala/.m2/repository/org/springframework/boot/spring-boot-starter-data-jpa/2.7.1/spring-boot-starter-data-jpa-2.7.1.jar:/Users/tala/.m2/repository/org/springframework/boot/spring-boot-starter-aop/2.7.1/spring-boot-starter-aop-2.7.1.jar:/Users/tala/.m2/repository/org/aspectj/aspectjweaver/1.9.7/aspectjweaver-1.9.7.jar:/Users/tala/.m2/repository/org/springframework/boot/spring-boot-starter-jdbc/2.7.1/spring-boot-starter-jdbc-2.7.1.jar:/Users/tala/.m2/repository/com/zaxxer/HikariCP/4.0.3/HikariCP-4.0.3.jar:/Users/tala/.m2/repository/org/springframework/spring-jdbc/5.3.21/spring-jdbc-5.3.21.jar:/Users/tala/.m2/repository/jakarta/transaction/jakarta.transaction-api/1.3.3/jakarta.transaction-api-1.3.3.jar:/Users/tala/.m2/repository/jakarta/persistence/jakarta.persistence-api/2.2.3/jakarta.persistence-api-2.2.3.jar:/Users/tala/.m2/repository/org/hibernate/hibernate-core/5.6.9.Final/hibernate-core-5.6.9.Final.jar:/Users/tala/.m2/repository/net/bytebuddy/byte-buddy/1.12.11/byte-buddy-1.12.11.jar:/Users/tala/.m2/repository/antlr/antlr/2.7.7/antlr-2.7.7.jar:/Users/tala/.m2/repository/org/jboss/jandex/2.4.2.Final/jandex-2.4.2.Final.jar:/Users/tala/.m2/repository/org/hibernate/common/hibernate-commons-annotations/5.1.2.Final/hibernate-commons-annotations-5.1.2.Final.jar:/Users/tala/.m2/repository/org/springframework/data/spring-data-jpa/2.7.1/spring-data-jpa-2.7.1.jar:/Users/tala/.m2/repository/org/springframework/data/spring-data-commons/2.7.1/spring-data-commons-2.7.1.jar:/Users/tala/.m2/repository/org/springframework/spring-orm/5.3.21/spring-orm-5.3.21.jar:/Users/tala/.m2/repository/org/springframework/spring-tx/5.3.21/spring-tx-5.3.21.jar:/Users/tala/.m2/repository/org/springframework/spring-aspects/5.3.21/spring-aspects-5.3.21.jar:/Users/tala/.m2/repository/org/springframework/boot/spring-boot-starter-security/2.7.1/spring-boot-starter-security-2.7.1.jar:/Users/tala/.m2/repository/org/springframework/spring-aop/5.3.21/spring-aop-5.3.21.jar:/Users/tala/.m2/repository/org/springframework/security/spring-security-config/5.7.2/spring-security-config-5.7.2.jar:/Users/tala/.m2/repository/org/springframework/security/spring-security-web/5.7.2/spring-security-web-5.7.2.jar:/Users/tala/.m2/repository/org/springframework/boot/spring-boot-starter-thymeleaf/2.7.1/spring-boot-starter-thymeleaf-2.7.1.jar:/Users/tala/.m2/repository/org/thymeleaf/thymeleaf-spring5/3.0.15.RELEASE/thymeleaf-spring5-3.0.15.RELEASE.jar:/Users/tala/.m2/repository/org/thymeleaf/thymeleaf/3.0.15.RELEASE/thymeleaf-3.0.15.RELEASE.jar:/Users/tala/.m2/repository/org/attoparser/attoparser/2.0.5.RELEASE/attoparser-2.0.5.RELEASE.jar:/Users/tala/.m2/repository/org/unbescape/unbescape/1.1.6.RELEASE/unbescape-1.1.6.RELEASE.jar:/Users/tala/.m2/repository/org/thymeleaf/extras/thymeleaf-extras-java8time/3.0.4.RELEASE/thymeleaf-extras-java8time-3.0.4.RELEASE.jar:/Users/tala/.m2/repository/org/thymeleaf/extras/thymeleaf-extras-springsecurity5/3.0.4.RELEASE/thymeleaf-extras-springsecurity5-3.0.4.RELEASE.jar:/Users/tala/.m2/repository/org/slf4j/slf4j-api/1.7.36/slf4j-api-1.7.36.jar:/Users/tala/.m2/repository/org/hsqldb/hsqldb/2.5.2/hsqldb-2.5.2.jar:/Users/tala/.m2/repository/org/jsoup/jsoup/1.14.3/jsoup-1.14.3.jar:/Users/tala/.m2/repository/com/nulab-inc/zxcvbn/1.5.2/zxcvbn-1.5.2.jar:/Users/tala/.m2/repository/com/thoughtworks/xstream/xstream/1.4.5/xstream-1.4.5.jar:/Users/tala/.m2/repository/xmlpull/xmlpull/1.1.3.1/xmlpull-1.1.3.1.jar:/Users/tala/.m2/repository/xpp3/xpp3_min/1.1.4c/xpp3_min-1.1.4c.jar:/Users/tala/.m2/repository/cglib/cglib-nodep/2.2/cglib-nodep-2.2.jar:/Users/tala/.m2/repository/xml-resolver/xml-resolver/1.2/xml-resolver-1.2.jar:/Users/tala/.m2/repository/io/jsonwebtoken/jjwt/0.9.1/jjwt-0.9.1.jar:/Users/tala/.m2/repository/com/fasterxml/jackson/core/jackson-databind/2.13.3/jackson-databind-2.13.3.jar:/Users/tala/.m2/repository/com/google/guava/guava/30.1-jre/guava-30.1-jre.jar:/Users/tala/.m2/repository/com/google/guava/failureaccess/1.0.1/failureaccess-1.0.1.jar:/Users/tala/.m2/repository/com/google/guava/listenablefuture/9999.0-empty-to-avoid-conflict-with-guava/listenablefuture-9999.0-empty-to-avoid-conflict-with-guava.jar:/Users/tala/.m2/repository/com/google/code/findbugs/jsr305/3.0.2/jsr305-3.0.2.jar:/Users/tala/.m2/repository/org/checkerframework/checker-qual/3.5.0/checker-qual-3.5.0.jar:/Users/tala/.m2/repository/com/google/errorprone/error_prone_annotations/2.3.4/error_prone_annotations-2.3.4.jar:/Users/tala/.m2/repository/com/google/j2objc/j2objc-annotations/1.3/j2objc-annotations-1.3.jar:/Users/tala/.m2/repository/commons-io/commons-io/2.6/commons-io-2.6.jar:/Users/tala/.m2/repository/org/apache/commons/commons-lang3/3.12.0/commons-lang3-3.12.0.jar:/Users/tala/.m2/repository/org/apache/commons/commons-text/1.9/commons-text-1.9.jar:/Users/tala/.m2/repository/org/bitbucket/b_c/jose4j/0.7.6/jose4j-0.7.6.jar:/Users/tala/.m2/repository/org/webjars/bootstrap/3.3.7/bootstrap-3.3.7.jar:/Users/tala/.m2/repository/org/webjars/jquery/3.5.1/jquery-3.5.1.jar:/Users/tala/.m2/repository/org/glassfish/jaxb/jaxb-runtime/2.3.6/jaxb-runtime-2.3.6.jar:/Users/tala/.m2/repository/jakarta/xml/bind/jakarta.xml.bind-api/2.3.3/jakarta.xml.bind-api-2.3.3.jar:/Users/tala/.m2/repository/org/glassfish/jaxb/txw2/2.3.6/txw2-2.3.6.jar:/Users/tala/.m2/repository/com/sun/istack/istack-commons-runtime/3.0.12/istack-commons-runtime-3.0.12.jar:/Users/tala/.m2/repository/com/sun/activation/jakarta.activation/1.2.2/jakarta.activation-1.2.2.jar:/Users/tala/.m2/repository/org/springframework/boot/spring-boot-starter-test/2.7.1/spring-boot-starter-test-2.7.1.jar:/Users/tala/.m2/repository/org/springframework/boot/spring-boot-test/2.7.1/spring-boot-test-2.7.1.jar:/Users/tala/.m2/repository/org/springframework/boot/spring-boot-test-autoconfigure/2.7.1/spring-boot-test-autoconfigure-2.7.1.jar:/Users/tala/.m2/repository/com/jayway/jsonpath/json-path/2.7.0/json-path-2.7.0.jar:/Users/tala/.m2/repository/net/minidev/json-smart/2.4.8/json-smart-2.4.8.jar:/Users/tala/.m2/repository/net/minidev/accessors-smart/2.4.8/accessors-smart-2.4.8.jar:/Users/tala/.m2/repository/org/assertj/assertj-core/3.22.0/assertj-core-3.22.0.jar:/Users/tala/.m2/repository/org/hamcrest/hamcrest/2.2/hamcrest-2.2.jar:/Users/tala/.m2/repository/org/junit/jupiter/junit-jupiter/5.8.2/junit-jupiter-5.8.2.jar:/Users/tala/.m2/repository/org/junit/jupiter/junit-jupiter-api/5.8.2/junit-jupiter-api-5.8.2.jar:/Users/tala/.m2/repository/org/opentest4j/opentest4j/1.2.0/opentest4j-1.2.0.jar:/Users/tala/.m2/repository/org/junit/platform/junit-platform-commons/1.8.2/junit-platform-commons-1.8.2.jar:/Users/tala/.m2/repository/org/apiguardian/apiguardian-api/1.1.2/apiguardian-api-1.1.2.jar:/Users/tala/.m2/repository/org/junit/jupiter/junit-jupiter-params/5.8.2/junit-jupiter-params-5.8.2.jar:/Users/tala/.m2/repository/org/junit/jupiter/junit-jupiter-engine/5.8.2/junit-jupiter-engine-5.8.2.jar:/Users/tala/.m2/repository/org/junit/platform/junit-platform-engine/1.8.2/junit-platform-engine-1.8.2.jar:/Users/tala/.m2/repository/org/mockito/mockito-core/4.5.1/mockito-core-4.5.1.jar:/Users/tala/.m2/repository/net/bytebuddy/byte-buddy-agent/1.12.11/byte-buddy-agent-1.12.11.jar:/Users/tala/.m2/repository/org/objenesis/objenesis/3.2/objenesis-3.2.jar:/Users/tala/.m2/repository/org/mockito/mockito-junit-jupiter/4.5.1/mockito-junit-jupiter-4.5.1.jar:/Users/tala/.m2/repository/org/skyscreamer/jsonassert/1.5.0/jsonassert-1.5.0.jar:/Users/tala/.m2/repository/com/vaadin/external/google/android-json/0.0.20131108.vaadin1/android-json-0.0.20131108.vaadin1.jar:/Users/tala/.m2/repository/org/springframework/spring-core/5.3.21/spring-core-5.3.21.jar:/Users/tala/.m2/repository/org/springframework/spring-jcl/5.3.21/spring-jcl-5.3.21.jar:/Users/tala/.m2/repository/org/springframework/spring-test/5.3.21/spring-test-5.3.21.jar:/Users/tala/.m2/repository/org/xmlunit/xmlunit-core/2.9.0/xmlunit-core-2.9.0.jar:/Users/tala/.m2/repository/org/springframework/security/spring-security-test/5.7.2/spring-security-test-5.7.2.jar:/Users/tala/.m2/repository/org/springframework/security/spring-security-core/5.7.2/spring-security-core-5.7.2.jar:/Users/tala/.m2/repository/org/springframework/security/spring-security-crypto/5.7.2/spring-security-crypto-5.7.2.jar:/Users/tala/.m2/repository/com/github/tomakehurst/wiremock/2.27.2/wiremock-2.27.2.jar:/Users/tala/.m2/repository/org/eclipse/jetty/jetty-server/9.4.48.v20220622/jetty-server-9.4.48.v20220622.jar:/Users/tala/.m2/repository/javax/servlet/javax.servlet-api/4.0.1/javax.servlet-api-4.0.1.jar:/Users/tala/.m2/repository/org/eclipse/jetty/jetty-http/9.4.48.v20220622/jetty-http-9.4.48.v20220622.jar:/Users/tala/.m2/repository/org/eclipse/jetty/jetty-io/9.4.48.v20220622/jetty-io-9.4.48.v20220622.jar:/Users/tala/.m2/repository/org/eclipse/jetty/jetty-servlet/9.4.48.v20220622/jetty-servlet-9.4.48.v20220622.jar:/Users/tala/.m2/repository/org/eclipse/jetty/jetty-security/9.4.48.v20220622/jetty-security-9.4.48.v20220622.jar:/Users/tala/.m2/repository/org/eclipse/jetty/jetty-util-ajax/9.4.48.v20220622/jetty-util-ajax-9.4.48.v20220622.jar:/Users/tala/.m2/repository/org/eclipse/jetty/jetty-servlets/9.4.48.v20220622/jetty-servlets-9.4.48.v20220622.jar:/Users/tala/.m2/repository/org/eclipse/jetty/jetty-continuation/9.4.48.v20220622/jetty-continuation-9.4.48.v20220622.jar:/Users/tala/.m2/repository/org/eclipse/jetty/jetty-util/9.4.48.v20220622/jetty-util-9.4.48.v20220622.jar:/Users/tala/.m2/repository/org/eclipse/jetty/jetty-webapp/9.4.48.v20220622/jetty-webapp-9.4.48.v20220622.jar:/Users/tala/.m2/repository/org/eclipse/jetty/jetty-xml/9.4.48.v20220622/jetty-xml-9.4.48.v20220622.jar:/Users/tala/.m2/repository/org/eclipse/jetty/jetty-proxy/9.4.48.v20220622/jetty-proxy-9.4.48.v20220622.jar:/Users/tala/.m2/repository/org/eclipse/jetty/jetty-client/9.4.48.v20220622/jetty-client-9.4.48.v20220622.jar:/Users/tala/.m2/repository/com/fasterxml/jackson/core/jackson-core/2.13.3/jackson-core-2.13.3.jar:/Users/tala/.m2/repository/com/fasterxml/jackson/core/jackson-annotations/2.13.3/jackson-annotations-2.13.3.jar:/Users/tala/.m2/repository/org/apache/httpcomponents/httpclient/4.5.13/httpclient-4.5.13.jar:/Users/tala/.m2/repository/org/apache/httpcomponents/httpcore/4.4.15/httpcore-4.4.15.jar:/Users/tala/.m2/repository/commons-codec/commons-codec/1.15/commons-codec-1.15.jar:/Users/tala/.m2/repository/org/xmlunit/xmlunit-legacy/2.9.0/xmlunit-legacy-2.9.0.jar:/Users/tala/.m2/repository/org/xmlunit/xmlunit-placeholders/2.9.0/xmlunit-placeholders-2.9.0.jar:/Users/tala/.m2/repository/org/ow2/asm/asm/9.1/asm-9.1.jar:/Users/tala/.m2/repository/net/sf/jopt-simple/jopt-simple/5.0.3/jopt-simple-5.0.3.jar:/Users/tala/.m2/repository/com/github/jknack/handlebars/4.0.7/handlebars-4.0.7.jar:/Users/tala/.m2/repository/org/antlr/antlr4-runtime/4.7.1/antlr4-runtime-4.7.1.jar:/Users/tala/.m2/repository/com/github/jknack/handlebars-helpers/4.0.7/handlebars-helpers-4.0.7.jar:/Users/tala/.m2/repository/com/flipkart/zjsonpatch/zjsonpatch/0.4.4/zjsonpatch-0.4.4.jar:/Users/tala/.m2/repository/commons-fileupload/commons-fileupload/1.4/commons-fileupload-1.4.jar:/Users/tala/.m2/repository/io/rest-assured/rest-assured/4.5.1/rest-assured-4.5.1.jar:/Users/tala/.m2/repository/org/codehaus/groovy/groovy/3.0.11/groovy-3.0.11.jar:/Users/tala/.m2/repository/org/codehaus/groovy/groovy-xml/3.0.11/groovy-xml-3.0.11.jar:/Users/tala/.m2/repository/org/apache/httpcomponents/httpmime/4.5.13/httpmime-4.5.13.jar:/Users/tala/.m2/repository/org/ccil/cowan/tagsoup/tagsoup/1.2.1/tagsoup-1.2.1.jar:/Users/tala/.m2/repository/io/rest-assured/json-path/4.5.1/json-path-4.5.1.jar:/Users/tala/.m2/repository/org/codehaus/groovy/groovy-json/3.0.11/groovy-json-3.0.11.jar:/Users/tala/.m2/repository/io/rest-assured/rest-assured-common/4.5.1/rest-assured-common-4.5.1.jar:/Users/tala/.m2/repository/io/rest-assured/xml-path/4.5.1/xml-path-4.5.1.jar:"/>
    <property name="sun.cpu.endian" value="little"/>
    <property name="user.home" value="/Users/tala"/>
    <property name="user.language" value="en"/>
    <property name="java.specification.vendor" value="Oracle Corporation"/>
    <property name="java.version.date" value="2023-04-18"/>
    <property name="java.home" value="/Users/tala/.sdkman/candidates/java/17.0.7-zulu/zulu-17.jdk/Contents/Home"/>
    <property name="file.separator" value="/"/>
    <property name="basedir" value="/Users/tala/dev/examples/analyzers_test/java"/>
    <property name="java.vm.compressedOopsMode" value="Zero based"/>
    <property name="line.separator" value="&#10;"/>
    <property name="java.specification.name" value="Java Platform API Specification"/>
    <property name="java.vm.specification.vendor" value="Oracle Corporation"/>
    <property name="FILE_LOG_CHARSET" value="UTF-8"/>
    <property name="java.awt.headless" value="true"/>
    <property name="surefire.real.class.path" value="/Users/tala/dev/examples/analyzers_test/java/target/surefire/surefirebooter7966606359896392190.jar"/>
    <property name="sun.management.compiler" value="HotSpot 64-Bit Tiered Compilers"/>
    <property name="java.runtime.version" value="17.0.7+7-LTS"/>
    <property name="user.name" value="tala"/>
    <property name="path.separator" value=":"/>
    <property name="os.version" value="13.4"/>
    <property name="java.runtime.name" value="OpenJDK Runtime Environment"/>
    <property name="file.encoding" value="UTF-8"/>
    <property name="spring.beaninfo.ignore" value="true"/>
    <property name="java.vm.name" value="OpenJDK 64-Bit Server VM"/>
    <property name="java.vendor.version" value="Zulu17.42+19-CA"/>
    <property name="localRepository" value="/Users/tala/.m2/repository"/>
    <property name="java.vendor.url.bug" value="http://www.azul.com/support/"/>
    <property name="java.io.tmpdir" value="/var/folders/4x/v0j1mbbd0s92djpq9l8z5rtc0000gn/T/"/>
    <property name="java.version" value="17.0.7"/>
    <property name="user.dir" value="/Users/tala/dev/examples/analyzers_test/java"/>
    <property name="os.arch" value="x86_64"/>
    <property name="java.vm.specification.name" value="Java Virtual Machine Specification"/>
    <property name="PID" value="99747"/>
    <property name="CONSOLE_LOG_CHARSET" value="UTF-8"/>
    <property name="native.encoding" value="UTF-8"/>
    <property name="java.library.path" value="/Users/tala/Library/Java/Extensions:/Library/Java/Extensions:/Network/Library/Java/Extensions:/System/Library/Java/Extensions:/usr/lib/java:."/>
    <property name="java.vm.info" value="mixed mode, sharing"/>
    <property name="java.vendor" value="Azul Systems, Inc."/>
    <property name="java.vm.version" value="17.0.7+7-LTS"/>
    <property name="sun.io.unicode.encoding" value="UnicodeBig"/>
    <property name="java.class.version" value="61.0"/>
  </properties>
  <testcase name="wrongSolution" classname="org.owasp.webgoat.lessons.sqlinjection.introduction.SqlInjectionLesson6aTest" time="0">
    <error type="java.lang.IllegalStateException"><![CDATA[java.lang.IllegalStateException: Failed to load ApplicationContext
Caused by: java.lang.IllegalStateException: Failed to add PropertySource to Environment
Caused by: java.io.FileNotFoundException: class path resource [application-webgoat.properties] cannot be opened because it does not exist
]]></error>
  </testcase>
  <testcase name="noResultsReturned" classname="org.owasp.webgoat.lessons.sqlinjection.introduction.SqlInjectionLesson6aTest" time="0">
    <error type="java.lang.IllegalStateException"><![CDATA[java.lang.IllegalStateException: Failed to load ApplicationContext
Caused by: java.lang.IllegalStateException: Failed to add PropertySource to Environment
Caused by: java.io.FileNotFoundException: class path resource [application-webgoat.properties] cannot be opened because it does not exist
]]></error>
  </testcase>
  <testcase name="correctSolution" classname="org.owasp.webgoat.lessons.sqlinjection.introduction.SqlInjectionLesson6aTest" time="0">
    <error type="java.lang.IllegalStateException"><![CDATA[java.lang.IllegalStateException: Failed to load ApplicationContext
Caused by: java.lang.IllegalStateException: Failed to add PropertySource to Environment
Caused by: java.io.FileNotFoundException: class path resource [application-webgoat.properties] cannot be opened because it does not exist
]]></error>
  </testcase>
  <testcase name="noUnionUsed" classname="org.owasp.webgoat.lessons.sqlinjection.introduction.SqlInjectionLesson6aTest" time="0">
    <error type="java.lang.IllegalStateException"><![CDATA[java.lang.IllegalStateException: Failed to load ApplicationContext
Caused by: java.lang.IllegalStateException: Failed to add PropertySource to Environment
Caused by: java.io.FileNotFoundException: class path resource [application-webgoat.properties] cannot be opened because it does not exist
]]></error>
  </testcase>
  <testcase name="wrongNumberOfColumns" classname="org.owasp.webgoat.lessons.sqlinjection.introduction.SqlInjectionLesson6aTest" time="0">
    <error type="java.lang.IllegalStateException"><![CDATA[java.lang.IllegalStateException: Failed to load ApplicationContext
Caused by: java.lang.IllegalStateException: Failed to add PropertySource to Environment
Caused by: java.io.FileNotFoundException: class path resource [application-webgoat.properties] cannot be opened because it does not exist
]]></error>
  </testcase>
  <testcase name="wrongDataTypeOfColumns" classname="org.owasp.webgoat.lessons.sqlinjection.introduction.SqlInjectionLesson6aTest" time="0">
    <error type="java.lang.IllegalStateException"><![CDATA[java.lang.IllegalStateException: Failed to load ApplicationContext
Caused by: java.lang.IllegalStateException: Failed to add PropertySource to Environment
Caused by: java.io.FileNotFoundException: class path resource [application-webgoat.properties] cannot be opened because it does not exist
]]></error>
  </testcase>
</testsuite>